<?xml version="1.0" encoding="UTF-8"?>
<!-- Generated by org.testng.reporters.JUnitReportReporter -->
<testsuite hostname="MS-AmitVerma" name="com.test.selenium.DataProviderTest" tests="6" failures="0" timestamp="6 Aug 2018 12:34:31 GMT" time="0.022" errors="0">
  <testcase name="sampleTest" time="0.002" classname="com.test.selenium.DataProviderTest"/>
  <testcase name="sampleTest" time="0.002" classname="com.test.selenium.DataProviderTest"/>
  <testcase name="sampleTest" time="0.002" classname="com.test.selenium.DataProviderTest"/>
  <testcase name="sampleTest" time="0.002" classname="com.test.selenium.DataProviderTest"/>
  <testcase name="sampleTest" time="0.012" classname="com.test.selenium.DataProviderTest"/>
  <testcase name="sampleTest" time="0.002" classname="com.test.selenium.DataProviderTest"/>
</testsuite> <!-- com.test.selenium.DataProviderTest -->
