<?xml version="1.0" encoding="UTF-8"?>
<!-- Generated by org.testng.reporters.JUnitReportReporter -->
<testsuite hostname="MS-AMITKUMARVER" failures="0" tests="1" name="com.test.SampleTestTwo" time="0.159" errors="0" timestamp="5 Jun 2018 06:17:51 GMT">
  <testcase classname="com.test.SampleTestTwo" name="T1" time="0.159"/>
</testsuite> <!-- com.test.SampleTestTwo -->
