<?xml version="1.0" encoding="UTF-8"?>
<!-- Generated by org.testng.reporters.JUnitReportReporter -->
<testsuite hostname="MS-AMITKUMARVER" failures="0" tests="1" name="com.test.SampleTestWebDriver" time="8.244" errors="0" timestamp="12 Jun 2018 07:48:24 GMT">
  <testcase classname="com.test.SampleTestWebDriver" name="T1" time="8.244"/>
</testsuite> <!-- com.test.SampleTestWebDriver -->
