<?xml version="1.0" encoding="UTF-8"?>
<!-- Generated by org.testng.reporters.JUnitReportReporter -->
<testsuite hostname="MS-AmitVerma" name="com.test.NYRR" tests="1" failures="0" timestamp="4 Aug 2018 12:05:35 GMT" time="0.009" errors="0">
  <testcase name="testPurchase" time="0.009" classname="com.test.NYRR"/>
</testsuite> <!-- com.test.NYRR -->
