<?xml version="1.0" encoding="UTF-8"?>
<!-- Generated by org.testng.reporters.JUnitReportReporter -->
<testsuite hostname="MS-AmitVerma" name="com.test.selenium.DataProviderTest" tests="6" failures="0" timestamp="6 Aug 2018 12:42:22 GMT" time="0.008" errors="0">
  <testcase name="sampleTest" time="0.000" classname="com.test.selenium.DataProviderTest"/>
  <testcase name="sampleTest" time="0.001" classname="com.test.selenium.DataProviderTest"/>
  <testcase name="sampleTest" time="0.006" classname="com.test.selenium.DataProviderTest"/>
  <testcase name="sampleTest" time="0.000" classname="com.test.selenium.DataProviderTest"/>
  <testcase name="sampleTest" time="0.001" classname="com.test.selenium.DataProviderTest"/>
  <testcase name="sampleTest" time="0.000" classname="com.test.selenium.DataProviderTest"/>
</testsuite> <!-- com.test.selenium.DataProviderTest -->
